0 verbose cli D:\Develop\nodejs\node.exe D:\Develop\nodejs\node_modules\npm\bin\npm-cli.js
1 info using npm@10.2.3
2 info using node@v20.10.0
3 timing npm:load:whichnode Completed in 4ms
4 timing config:load:defaults Completed in 4ms
5 timing config:load:file:D:\Develop\nodejs\node_modules\npm\npmrc Completed in 7ms
6 timing config:load:builtin Completed in 8ms
7 timing config:load:cli Completed in 3ms
8 timing config:load:env Completed in 1ms
9 timing config:load:file:D:\Develop\A_\Nodule-Sorting-system\Front-End_Nodule-Sorting-system\.npmrc Completed in 1ms
10 timing config:load:project Completed in 4ms
11 timing config:load:file:C:\Users\10096\.npmrc Completed in 2ms
12 timing config:load:user Completed in 2ms
13 timing config:load:file:D:\Develop\A_\Nodule-Sorting-system\Front-End_Nodule-Sorting-system\Develop\nodejs\node_global\etc\npmrc Completed in 0ms
14 timing config:load:global Completed in 0ms
15 timing config:load:setEnvs Completed in 2ms
16 timing config:load Completed in 26ms
17 timing npm:load:configload Completed in 27ms
18 timing config:load:flatten Completed in 4ms
19 timing npm:load:mkdirpcache Completed in 1ms
20 timing npm:load:mkdirplogs Completed in 0ms
21 verbose title npm exec update-browserslist-db@latest
22 verbose argv "exec" "--" "update-browserslist-db@latest"
23 timing npm:load:setTitle Completed in 1ms
24 timing npm:load:display Completed in 1ms
25 verbose logfile logs-max:10 dir:D:\Develop\A_\Nodule-Sorting-system\Front-End_Nodule-Sorting-system\Develop\nodejs\node_cache\_logs\2024-04-15T13_26_41_527Z-
26 verbose logfile D:\Develop\A_\Nodule-Sorting-system\Front-End_Nodule-Sorting-system\Develop\nodejs\node_cache\_logs\2024-04-15T13_26_41_527Z-debug-0.log
27 timing npm:load:logFile Completed in 17ms
28 timing npm:load:timers Completed in 0ms
29 timing npm:load:configScope Completed in 0ms
30 timing npm:load Completed in 120ms
31 silly logfile done cleaning log files
32 timing arborist:ctor Completed in 1ms
33 timing command:exec Completed in 70217ms
34 verbose type system
35 verbose stack FetchError: request to https://registry.npm.taobao.org/update-browserslist-db failed, reason: certificate has expired
35 verbose stack     at ClientRequest.<anonymous> (D:\Develop\nodejs\node_modules\npm\node_modules\minipass-fetch\lib\index.js:130:14)
35 verbose stack     at ClientRequest.emit (node:events:514:28)
35 verbose stack     at _destroy (node:_http_client:875:13)
35 verbose stack     at onSocketNT (node:_http_client:895:5)
35 verbose stack     at process.processTicksAndRejections (node:internal/process/task_queues:83:21)
36 verbose cwd D:\Develop\A_\Nodule-Sorting-system\Front-End_Nodule-Sorting-system
37 verbose Windows_NT 10.0.19045
38 verbose node v20.10.0
39 verbose npm  v10.2.3
40 error code CERT_HAS_EXPIRED
41 error errno CERT_HAS_EXPIRED
42 error request to https://registry.npm.taobao.org/update-browserslist-db failed, reason: certificate has expired
43 verbose exit 1
44 timing npm Completed in 77450ms
45 verbose code 1
46 error A complete log of this run can be found in: D:\Develop\A_\Nodule-Sorting-system\Front-End_Nodule-Sorting-system\Develop\nodejs\node_cache\_logs\2024-04-15T13_26_41_527Z-debug-0.log
